<?xml version="1.0" encoding="UTF-8"?>
<!-- Generated by org.testng.reporters.JUnitXMLReporter -->
<testsuite ignored="0" hostname="Sagar_Rawat" failures="0" tests="5" name="PlayWrightPOM" time="20.605" errors="0" timestamp="2024-08-28T11:53:36 IST">
  <testcase classname="com.qa.opencart.tests.HomePageTest" name="homePageTitleTest" time="0.016"/>
  <testcase classname="com.qa.opencart.tests.HomePageTest" name="homePageUrl" time="0.0"/>
  <testcase classname="com.qa.opencart.tests.HomePageTest" name="searchtest" time="0.473"/>
  <testcase classname="com.qa.opencart.tests.HomePageTest" name="searchtest" time="0.522"/>
  <testcase classname="com.qa.opencart.tests.HomePageTest" name="searchtest" time="0.473"/>
</testsuite> <!-- PlayWrightPOM -->
