<?xml version="1.0" encoding="UTF-8"?>
<testng-results ignored="0" total="5" passed="5" failed="0" skipped="0">
  <reporter-output>
  </reporter-output>
  <suite started-at="2024-08-28T11:53:16 IST" name="Default Suite" finished-at="2024-08-28T11:53:36 IST" duration-ms="20605">
    <groups>
    </groups>
    <test started-at="2024-08-28T11:53:16 IST" name="PlayWrightPOM" finished-at="2024-08-28T11:53:36 IST" duration-ms="20605">
      <class name="com.qa.opencart.tests.HomePageTest">
        <test-method is-config="true" signature="setup()[pri:0, instance:com.qa.opencart.tests.HomePageTest@12d4bf7e]" started-at="2024-08-28T11:53:16 IST" name="setup" finished-at="2024-08-28T11:53:34 IST" duration-ms="18388" status="PASS">
          <reporter-output>
          </reporter-output>
        </test-method> <!-- setup -->
        <test-method signature="homePageTitleTest()[pri:0, instance:com.qa.opencart.tests.HomePageTest@12d4bf7e]" started-at="2024-08-28T11:53:34 IST" name="homePageTitleTest" finished-at="2024-08-28T11:53:34 IST" duration-ms="16" status="PASS">
          <reporter-output>
          </reporter-output>
        </test-method> <!-- homePageTitleTest -->
        <test-method signature="homePageUrl()[pri:0, instance:com.qa.opencart.tests.HomePageTest@12d4bf7e]" started-at="2024-08-28T11:53:34 IST" name="homePageUrl" finished-at="2024-08-28T11:53:34 IST" duration-ms="0" status="PASS">
          <reporter-output>
          </reporter-output>
        </test-method> <!-- homePageUrl -->
        <test-method signature="searchtest(java.lang.String)[pri:0, instance:com.qa.opencart.tests.HomePageTest@12d4bf7e]" started-at="2024-08-28T11:53:34 IST" name="searchtest" data-provider="getProductNames" finished-at="2024-08-28T11:53:35 IST" duration-ms="473" status="PASS">
          <params>
            <param index="0">
              <value>
                <![CDATA[Mackbook]]>
              </value>
            </param>
          </params>
          <reporter-output>
          </reporter-output>
        </test-method> <!-- searchtest -->
        <test-method signature="searchtest(java.lang.String)[pri:0, instance:com.qa.opencart.tests.HomePageTest@12d4bf7e]" started-at="2024-08-28T11:53:35 IST" name="searchtest" data-provider="getProductNames" finished-at="2024-08-28T11:53:35 IST" duration-ms="522" status="PASS">
          <params>
            <param index="0">
              <value>
                <![CDATA[Moto]]>
              </value>
            </param>
          </params>
          <reporter-output>
          </reporter-output>
        </test-method> <!-- searchtest -->
        <test-method signature="searchtest(java.lang.String)[pri:0, instance:com.qa.opencart.tests.HomePageTest@12d4bf7e]" started-at="2024-08-28T11:53:35 IST" name="searchtest" data-provider="getProductNames" finished-at="2024-08-28T11:53:36 IST" duration-ms="473" status="PASS">
          <params>
            <param index="0">
              <value>
                <![CDATA[Samsung]]>
              </value>
            </param>
          </params>
          <reporter-output>
          </reporter-output>
        </test-method> <!-- searchtest -->
        <test-method is-config="true" signature="tearDown()[pri:0, instance:com.qa.opencart.tests.HomePageTest@12d4bf7e]" started-at="2024-08-28T11:53:36 IST" name="tearDown" finished-at="2024-08-28T11:53:36 IST" duration-ms="634" status="PASS">
          <reporter-output>
          </reporter-output>
        </test-method> <!-- tearDown -->
      </class> <!-- com.qa.opencart.tests.HomePageTest -->
    </test> <!-- PlayWrightPOM -->
  </suite> <!-- Default Suite -->
</testng-results>
